<?xml version="1.0" encoding="UTF-8"?>
<testsuite name="meli.motores.MotoresTest" tests="2" skipped="0" failures="0" errors="0" timestamp="2019-08-13T14:20:52" hostname="AR0FVFYM1DJHV2J" time="0.001">
  <properties/>
  <testcase name="aumentoPotenciayAumentaTemperatura" classname="meli.motores.MotoresTest" time="0.0"/>
  <testcase name="agregarRefrigeranteAMotoresEspecialesYVerSiDisminuyeLaTemperatura" classname="meli.motores.MotoresTest" time="0.0"/>
  <system-out><![CDATA[]]></system-out>
  <system-err><![CDATA[]]></system-err>
</testsuite>
