<?xml version="1.0" encoding="UTF-8"?>
<testsuite name="meli.cafeteria.TazaCafeTest" tests="4" skipped="0" failures="0" errors="0" timestamp="2019-08-13T14:20:52" hostname="AR0FVFYM1DJHV2J" time="0.004">
  <properties/>
  <testcase name="testearQueSeInformaCafeMasCaro" classname="meli.cafeteria.TazaCafeTest" time="0.002"/>
  <testcase name="testearQueSeInformaCorrectamenteElIngredienteMasUtilizado" classname="meli.cafeteria.TazaCafeTest" time="0.001"/>
  <testcase name="informarTotalFacturado" classname="meli.cafeteria.TazaCafeTest" time="0.0"/>
  <testcase name="calcularPrecioDeTazaDeCafe" classname="meli.cafeteria.TazaCafeTest" time="0.0"/>
  <system-out><![CDATA[]]></system-out>
  <system-err><![CDATA[]]></system-err>
</testsuite>
